<?xml version="1.0" encoding="UTF-8"?>
<coverage generated="1768557538663" clover="3.2.0">
  <project timestamp="1768557538663" name="All files">
    <metrics statements="4" coveredstatements="4" conditionals="4" coveredconditionals="3" methods="2" coveredmethods="2" elements="10" coveredelements="9" complexity="0" loc="4" ncloc="4" packages="1" files="1" classes="1"/>
    <file name="utils.js" path="C:\Users\ThinkPad\Desktop\school\cicd\node-project\src\utils.js">
      <metrics statements="4" coveredstatements="4" conditionals="4" coveredconditionals="3" methods="2" coveredmethods="2"/>
      <line num="2" count="1" type="stmt"/>
      <line num="5" count="1" type="stmt"/>
      <line num="7" count="1" type="cond" truecount="3" falsecount="1"/>
      <line num="8" count="1" type="stmt"/>
    </file>
  </project>
</coverage>
