{"C:\\Users\\ThinkPad\\Desktop\\school\\cicd\\node-project\\src\\utils.js": {"path":"C:\\Users\\ThinkPad\\Desktop\\school\\cicd\\node-project\\src\\utils.js","statementMap":{"0":{"start":{"line":2,"column":2},"end":{"line":2,"column":15}},"1":{"start":{"line":5,"column":2},"end":{"line":5,"column":15}},"2":{"start":{"line":7,"column":0},"end":{"line":9,"column":1}},"3":{"start":{"line":8,"column":2},"end":{"line":8,"column":51}}},"fnMap":{"0":{"name":"addNumbers","decl":{"start":{"line":1,"column":9},"end":{"line":1,"column":19}},"loc":{"start":{"line":1,"column":26},"end":{"line":3,"column":1}},"line":1},"1":{"name":"subtractNumbers","decl":{"start":{"line":4,"column":9},"end":{"line":4,"column":24}},"loc":{"start":{"line":4,"column":31},"end":{"line":6,"column":1}},"line":4}},"branchMap":{"0":{"loc":{"start":{"line":7,"column":0},"end":{"line":9,"column":1}},"type":"if","locations":[{"start":{"line":7,"column":0},"end":{"line":9,"column":1}},{"start":{},"end":{}}],"line":7},"1":{"loc":{"start":{"line":7,"column":4},"end":{"line":7,"column":52}},"type":"binary-expr","locations":[{"start":{"line":7,"column":4},"end":{"line":7,"column":34}},{"start":{"line":7,"column":38},"end":{"line":7,"column":52}}],"line":7}},"s":{"0":1,"1":1,"2":1,"3":1},"f":{"0":1,"1":1},"b":{"0":[1,0],"1":[1,1]},"_coverageSchema":"1a1c01bbd47fc00a2c39e90264f33305004495a9","hash":"0c06b2515c0bc959234e46b9eec048257909e1ce"}
}
